<Event xmlns='http://schemas.microsoft.com/win/2004/08/events/event'><System><Provider Name='Microsoft-Windows-AppLocker' Guid='{CBDA4DBF-8D5D-4F69-9578-BE14AA540D22}'/><EventID>8005</EventID><Version>0</Version><Level>4</Level><Task>0</Task><Opcode>0</Opcode><Keywords>0x4000000000000000</Keywords><TimeCreated SystemTime='2017-02-28T22:34:31.347599800Z'/><EventRecordID>35</EventRecordID><Correlation ActivityID='{AD20055C-9212-0000-180A-20AD1292D201}'/><Execution ProcessID='2852' ThreadID='1236'/><Channel>microsoft-windows-applocker/msi and script</Channel><Computer>client.conf2016.local</Computer><Security UserID='S-1-5-21-1774260956-589290981-759978436-1649'/></System><UserData><RuleAndFileData xmlns='http://schemas.microsoft.com/schemas/event/Microsoft.Windows/1.0.0.0'><PolicyName>SCRIPT</PolicyName><RuleId>{06DCE67B-934C-454F-A263-2515C8796A5D}</RuleId><RuleName>(Default Rule) All scripts located in the Program Files folder</RuleName><RuleSddl>D:(XA;;FX;;;S-1-1-0;(APPID://PATH Contains "%PROGRAMFILES%\*"))</RuleSddl><TargetUser>S-1-5-21-1774260956-589290981-759978436-1649</TargetUser><TargetProcessId>2852</TargetProcessId><FilePath>%PROGRAMFILES%\BLOODHOUND.PS1</FilePath><FileHash>1A18C12B07AC421DD7D9865DD239C4D9533BAAA58F962291A43BF2153110933E</FileHash><Fqbn>-</Fqbn></RuleAndFileData></UserData></Event>
<Event xmlns='http://schemas.microsoft.com/win/2004/08/events/event'><System><Provider Name='Microsoft-Windows-AppLocker' Guid='{CBDA4DBF-8D5D-4F69-9578-BE14AA540D22}'/><EventID>8005</EventID><Version>0</Version><Level>4</Level><Task>0</Task><Opcode>0</Opcode><Keywords>0x4000000000000000</Keywords><TimeCreated SystemTime='2017-02-27T20:15:10.506163500Z'/><EventRecordID>34</EventRecordID><Correlation ActivityID='{6019B63E-9070-0000-D1C7-19607090D201}'/><Execution ProcessID='1712' ThreadID='4088'/><Channel>microsoft-windows-applocker/msi and script</Channel><Computer>client.conf2016.local</Computer><Security UserID='S-1-5-21-1774260956-589290981-759978436-1649'/></System><UserData><RuleAndFileData xmlns='http://schemas.microsoft.com/schemas/event/Microsoft.Windows/1.0.0.0'><PolicyName>SCRIPT</PolicyName><RuleId>{06DCE67B-934C-454F-A263-2515C8796A5D}</RuleId><RuleName>(Default Rule) All scripts located in the Program Files folder</RuleName><RuleSddl>D:(XA;;FX;;;S-1-1-0;(APPID://PATH Contains "%PROGRAMFILES%\*"))</RuleSddl><TargetUser>S-1-5-21-1774260956-589290981-759978436-1649</TargetUser><TargetProcessId>1712</TargetProcessId><FilePath>%PROGRAMFILES%\BLOODHOUND.PS1</FilePath><FileHash>1A18C12B07AC421DD7D9865DD239C4D9533BAAA58F962291A43BF2153110933E</FileHash><Fqbn>-</Fqbn></RuleAndFileData></UserData></Event>
<Event xmlns='http://schemas.microsoft.com/win/2004/08/events/event'><System><Provider Name='Microsoft-Windows-AppLocker' Guid='{CBDA4DBF-8D5D-4F69-9578-BE14AA540D22}'/><EventID>8007</EventID><Version>0</Version><Level>2</Level><Task>0</Task><Opcode>0</Opcode><Keywords>0x4000000000000000</Keywords><TimeCreated SystemTime='2017-02-27T20:14:10.301491600Z'/><EventRecordID>33</EventRecordID><Correlation ActivityID='{6019B63E-9070-0000-7BC7-19607090D201}'/><Execution ProcessID='1712' ThreadID='4088'/><Channel>microsoft-windows-applocker/msi and script</Channel><Computer>client.conf2016.local</Computer><Security UserID='S-1-5-21-1774260956-589290981-759978436-1649'/></System><UserData><RuleAndFileData xmlns='http://schemas.microsoft.com/schemas/event/Microsoft.Windows/1.0.0.0'><PolicyName>SCRIPT</PolicyName><RuleId>{00000000-0000-0000-0000-000000000000}</RuleId><RuleName>-</RuleName><RuleSddl>-</RuleSddl><TargetUser>S-1-5-21-1774260956-589290981-759978436-1649</TargetUser><TargetProcessId>1712</TargetProcessId><FilePath>%OSDRIVE%\USERS\JBLOGGS\DESKTOP\BLOODHOUND.PS1</FilePath><FileHash>1A18C12B07AC421DD7D9865DD239C4D9533BAAA58F962291A43BF2153110933E</FileHash><Fqbn>-</Fqbn></RuleAndFileData></UserData></Event>
<Event xmlns='http://schemas.microsoft.com/win/2004/08/events/event'><System><Provider Name='Microsoft-Windows-AppLocker' Guid='{CBDA4DBF-8D5D-4F69-9578-BE14AA540D22}'/><EventID>8005</EventID><Version>0</Version><Level>4</Level><Task>0</Task><Opcode>0</Opcode><Keywords>0x4000000000000000</Keywords><TimeCreated SystemTime='2017-02-13T05:17:03.292346800Z'/><EventRecordID>3</EventRecordID><Correlation ActivityID='{048AF511-85B1-0000-A12C-8B04B185D201}'/><Execution ProcessID='3488' ThreadID='3584'/><Channel>microsoft-windows-applocker/msi and script</Channel><Computer>dcsplunk.conf2016.local</Computer><Security UserID='S-1-5-21-1774260956-589290981-759978436-500'/></System><UserData><RuleAndFileData xmlns='http://schemas.microsoft.com/schemas/event/Microsoft.Windows/1.0.0.0'><PolicyName>SCRIPT</PolicyName><RuleId>{ED97D0CB-15FF-430F-B82C-8D7832957725}</RuleId><RuleName>(Default Rule) All scripts</RuleName><RuleSddl>D:(XA;;FX;;;S-1-5-32-544;(APPID://PATH Contains "*"))</RuleSddl><TargetUser>S-1-5-21-1774260956-589290981-759978436-500</TargetUser><TargetProcessId>3488</TargetProcessId><FilePath>%OSDRIVE%\USERS\ADMINISTRATOR\DESKTOP\BLOODHOUND.PS1</FilePath><FileHash>1A18C12B07AC421DD7D9865DD239C4D9533BAAA58F962291A43BF2153110933E</FileHash><Fqbn>-</Fqbn></RuleAndFileData></UserData></Event>
<Event xmlns='http://schemas.microsoft.com/win/2004/08/events/event'><System><Provider Name='Microsoft-Windows-AppLocker' Guid='{CBDA4DBF-8D5D-4F69-9578-BE14AA540D22}'/><EventID>8005</EventID><Version>0</Version><Level>4</Level><Task>0</Task><Opcode>0</Opcode><Keywords>0x4000000000000000</Keywords><TimeCreated SystemTime='2017-02-13T05:15:40.151339600Z'/><EventRecordID>2</EventRecordID><Correlation ActivityID='{048AF511-85B1-0000-F02B-8B04B185D201}'/><Execution ProcessID='3488' ThreadID='3584'/><Channel>microsoft-windows-applocker/msi and script</Channel><Computer>dcsplunk.conf2016.local</Computer><Security UserID='S-1-5-21-1774260956-589290981-759978436-500'/></System><UserData><RuleAndFileData xmlns='http://schemas.microsoft.com/schemas/event/Microsoft.Windows/1.0.0.0'><PolicyName>SCRIPT</PolicyName><RuleId>{ED97D0CB-15FF-430F-B82C-8D7832957725}</RuleId><RuleName>(Default Rule) All scripts</RuleName><RuleSddl>D:(XA;;FX;;;S-1-5-32-544;(APPID://PATH Contains "*"))</RuleSddl><TargetUser>S-1-5-21-1774260956-589290981-759978436-500</TargetUser><TargetProcessId>3488</TargetProcessId><FilePath>%OSDRIVE%\USERS\ADMINISTRATOR\DESKTOP\BLOODHOUND.PS1</FilePath><FileHash>1A18C12B07AC421DD7D9865DD239C4D9533BAAA58F962291A43BF2153110933E</FileHash><Fqbn>-</Fqbn></RuleAndFileData></UserData></Event>
<Event xmlns='http://schemas.microsoft.com/win/2004/08/events/event'><System><Provider Name='Microsoft-Windows-AppLocker' Guid='{CBDA4DBF-8D5D-4F69-9578-BE14AA540D22}'/><EventID>8005</EventID><Version>0</Version><Level>4</Level><Task>0</Task><Opcode>0</Opcode><Keywords>0x4000000000000000</Keywords><TimeCreated SystemTime='2017-02-13T05:09:58.665257100Z'/><EventRecordID>1</EventRecordID><Correlation ActivityID='{048AF511-85B1-0000-D729-8B04B185D201}'/><Execution ProcessID='3488' ThreadID='3584'/><Channel>microsoft-windows-applocker/msi and script</Channel><Computer>dcsplunk.conf2016.local</Computer><Security UserID='S-1-5-21-1774260956-589290981-759978436-500'/></System><UserData><RuleAndFileData xmlns='http://schemas.microsoft.com/schemas/event/Microsoft.Windows/1.0.0.0'><PolicyName>SCRIPT</PolicyName><RuleId>{ED97D0CB-15FF-430F-B82C-8D7832957725}</RuleId><RuleName>(Default Rule) All scripts</RuleName><RuleSddl>D:(XA;;FX;;;S-1-5-32-544;(APPID://PATH Contains "*"))</RuleSddl><TargetUser>S-1-5-21-1774260956-589290981-759978436-500</TargetUser><TargetProcessId>3488</TargetProcessId><FilePath>%OSDRIVE%\USERS\ADMINISTRATOR\DESKTOP\OU_PERMISSIONS.PS1</FilePath><FileHash>442AC1D40EC0561E9D6477A6E3CF621551EEE53DABDCD1B948D788BA4DEC7813</FileHash><Fqbn>-</Fqbn></RuleAndFileData></UserData></Event>
