09/10/2016 04:41:41 PM
LogName=Security
SourceName=Microsoft Windows security auditing.
EventCode=4735
EventType=0
Type=Information
ComputerName=dcsplunk.ESSENTIAL8.local
TaskCategory=Security Group Management
OpCode=Info
RecordNumber=20053
Keywords=Audit Success
Message=A security-enabled local group was changed.

Subject:
	Security ID:		ESSENTIAL8\Administrator
	Account Name:		Administrator
	Account Domain:		ESSENTIAL8
	Logon ID:		0x503D5

Group:
	Security ID:		ESSENTIAL8\Corporate FileShare
	Group Name:		Corporate FileShare
	Group Domain:		ESSENTIAL8

Changed Attributes:
	SAM Account Name:	-
	SID History:		-

Additional Information:
	Privileges:		-##########
09/10/2016 04:41:41 PM
LogName=Security
SourceName=Microsoft Windows security auditing.
EventCode=4732
EventType=0
Type=Information
ComputerName=dcsplunk.ESSENTIAL8.local
TaskCategory=Security Group Management
OpCode=Info
RecordNumber=20052
Keywords=Audit Success
Message=A member was added to a security-enabled local group.

Subject:
	Security ID:		ESSENTIAL8\Administrator
	Account Name:		Administrator
	Account Domain:		ESSENTIAL8
	Logon ID:		0x503D5

Member:
	Security ID:		ESSENTIAL8\KMilica
	Account Name:		CN=KMilica,OU=Users,OU=Accounts,OU=Environment,DC=ESSENTIAL8,DC=local

Group:
	Security ID:		ESSENTIAL8\Corporate FileShare
	Group Name:		Corporate FileShare
	Group Domain:		ESSENTIAL8

Additional Information:
	Privileges:		-##########
09/10/2016 04:41:41 PM
LogName=Security
SourceName=Microsoft Windows security auditing.
EventCode=4735
EventType=0
Type=Information
ComputerName=dcsplunk.ESSENTIAL8.local
TaskCategory=Security Group Management
OpCode=Info
RecordNumber=20051
Keywords=Audit Success
Message=A security-enabled local group was changed.

Subject:
	Security ID:		ESSENTIAL8\Administrator
	Account Name:		Administrator
	Account Domain:		ESSENTIAL8
	Logon ID:		0x503D5

Group:
	Security ID:		ESSENTIAL8\Corporate FileShare
	Group Name:		Corporate FileShare
	Group Domain:		ESSENTIAL8

Changed Attributes:
	SAM Account Name:	-
	SID History:		-

Additional Information:
	Privileges:		-##########
09/10/2016 04:41:41 PM
LogName=Security
SourceName=Microsoft Windows security auditing.
EventCode=4732
EventType=0
Type=Information
ComputerName=dcsplunk.ESSENTIAL8.local
TaskCategory=Security Group Management
OpCode=Info
RecordNumber=20050
Keywords=Audit Success
Message=A member was added to a security-enabled local group.

Subject:
	Security ID:		ESSENTIAL8\Administrator
	Account Name:		Administrator
	Account Domain:		ESSENTIAL8
	Logon ID:		0x503D5

Member:
	Security ID:		ESSENTIAL8\KMarija
	Account Name:		CN=KMarija,OU=Users,OU=Accounts,OU=Environment,DC=ESSENTIAL8,DC=local

Group:
	Security ID:		ESSENTIAL8\Corporate FileShare
	Group Name:		Corporate FileShare
	Group Domain:		ESSENTIAL8

Additional Information:
	Privileges:		-##########
09/10/2016 04:41:41 PM
LogName=Security
SourceName=Microsoft Windows security auditing.
EventCode=4735
EventType=0
Type=Information
ComputerName=dcsplunk.ESSENTIAL8.local
TaskCategory=Security Group Management
OpCode=Info
RecordNumber=20049
Keywords=Audit Success
Message=A security-enabled local group was changed.

Subject:
	Security ID:		ESSENTIAL8\Administrator
	Account Name:		Administrator
	Account Domain:		ESSENTIAL8
	Logon ID:		0x503D5

Group:
	Security ID:		ESSENTIAL8\Corporate FileShare
	Group Name:		Corporate FileShare
	Group Domain:		ESSENTIAL8

Changed Attributes:
	SAM Account Name:	-
	SID History:		-

Additional Information:
	Privileges:		-##########
09/10/2016 04:41:41 PM
LogName=Security
SourceName=Microsoft Windows security auditing.
EventCode=4732
EventType=0
Type=Information
ComputerName=dcsplunk.ESSENTIAL8.local
TaskCategory=Security Group Management
OpCode=Info
RecordNumber=20048
Keywords=Audit Success
Message=A member was added to a security-enabled local group.

Subject:
	Security ID:		ESSENTIAL8\Administrator
	Account Name:		Administrator
	Account Domain:		ESSENTIAL8
	Logon ID:		0x503D5

Member:
	Security ID:		ESSENTIAL8\JIvanka
	Account Name:		CN=JIvanka,OU=Users,OU=Accounts,OU=Environment,DC=ESSENTIAL8,DC=local

Group:
	Security ID:		ESSENTIAL8\Corporate FileShare
	Group Name:		Corporate FileShare
	Group Domain:		ESSENTIAL8

Additional Information:
	Privileges:		-##########
09/10/2016 04:41:41 PM
LogName=Security
SourceName=Microsoft Windows security auditing.
EventCode=4735
EventType=0
Type=Information
ComputerName=dcsplunk.ESSENTIAL8.local
TaskCategory=Security Group Management
OpCode=Info
RecordNumber=20047
Keywords=Audit Success
Message=A security-enabled local group was changed.

Subject:
	Security ID:		ESSENTIAL8\Administrator
	Account Name:		Administrator
	Account Domain:		ESSENTIAL8
	Logon ID:		0x503D5

Group:
	Security ID:		ESSENTIAL8\Corporate FileShare
	Group Name:		Corporate FileShare
	Group Domain:		ESSENTIAL8

Changed Attributes:
	SAM Account Name:	-
	SID History:		-

Additional Information:
	Privileges:		-##########
09/10/2016 04:41:41 PM
LogName=Security
SourceName=Microsoft Windows security auditing.
EventCode=4732
EventType=0
Type=Information
ComputerName=dcsplunk.ESSENTIAL8.local
TaskCategory=Security Group Management
OpCode=Info
RecordNumber=20046
Keywords=Audit Success
Message=A member was added to a security-enabled local group.

Subject:
	Security ID:		ESSENTIAL8\Administrator
	Account Name:		Administrator
	Account Domain:		ESSENTIAL8
	Logon ID:		0x503D5

Member:
	Security ID:		ESSENTIAL8\HCelestina
	Account Name:		CN=HCelestina,OU=Users,OU=Accounts,OU=Environment,DC=ESSENTIAL8,DC=local

Group:
	Security ID:		ESSENTIAL8\Corporate FileShare
	Group Name:		Corporate FileShare
	Group Domain:		ESSENTIAL8

Additional Information:
	Privileges:		-##########
09/10/2016 04:41:41 PM
LogName=Security
SourceName=Microsoft Windows security auditing.
EventCode=4735
EventType=0
Type=Information
ComputerName=dcsplunk.ESSENTIAL8.local
TaskCategory=Security Group Management
OpCode=Info
RecordNumber=20045
Keywords=Audit Success
Message=A security-enabled local group was changed.

Subject:
	Security ID:		ESSENTIAL8\Administrator
	Account Name:		Administrator
	Account Domain:		ESSENTIAL8
	Logon ID:		0x503D5

Group:
	Security ID:		ESSENTIAL8\Corporate FileShare
	Group Name:		Corporate FileShare
	Group Domain:		ESSENTIAL8

Changed Attributes:
	SAM Account Name:	-
	SID History:		-

Additional Information:
	Privileges:		-##########
09/10/2016 04:41:41 PM
LogName=Security
SourceName=Microsoft Windows security auditing.
EventCode=4732
EventType=0
Type=Information
ComputerName=dcsplunk.ESSENTIAL8.local
TaskCategory=Security Group Management
OpCode=Info
RecordNumber=20044
Keywords=Audit Success
Message=A member was added to a security-enabled local group.

Subject:
	Security ID:		ESSENTIAL8\Administrator
	Account Name:		Administrator
	Account Domain:		ESSENTIAL8
	Logon ID:		0x503D5

Member:
	Security ID:		ESSENTIAL8\HAtaullah
	Account Name:		CN=HAtaullah,OU=Users,OU=Accounts,OU=Environment,DC=ESSENTIAL8,DC=local

Group:
	Security ID:		ESSENTIAL8\Corporate FileShare
	Group Name:		Corporate FileShare
	Group Domain:		ESSENTIAL8

Additional Information:
	Privileges:		-##########
09/10/2016 04:41:41 PM
LogName=Security
SourceName=Microsoft Windows security auditing.
EventCode=4735
EventType=0
Type=Information
ComputerName=dcsplunk.ESSENTIAL8.local
TaskCategory=Security Group Management
OpCode=Info
RecordNumber=20043
Keywords=Audit Success
Message=A security-enabled local group was changed.

Subject:
	Security ID:		ESSENTIAL8\Administrator
	Account Name:		Administrator
	Account Domain:		ESSENTIAL8
	Logon ID:		0x503D5

Group:
	Security ID:		ESSENTIAL8\Corporate FileShare
	Group Name:		Corporate FileShare
	Group Domain:		ESSENTIAL8

Changed Attributes:
	SAM Account Name:	-
	SID History:		-

Additional Information:
	Privileges:		-##########
09/10/2016 04:41:41 PM
LogName=Security
SourceName=Microsoft Windows security auditing.
EventCode=4732
EventType=0
Type=Information
ComputerName=dcsplunk.ESSENTIAL8.local
TaskCategory=Security Group Management
OpCode=Info
RecordNumber=20042
Keywords=Audit Success
Message=A member was added to a security-enabled local group.

Subject:
	Security ID:		ESSENTIAL8\Administrator
	Account Name:		Administrator
	Account Domain:		ESSENTIAL8
	Logon ID:		0x503D5

Member:
	Security ID:		ESSENTIAL8\GVidar
	Account Name:		CN=GVidar,OU=Users,OU=Accounts,OU=Environment,DC=ESSENTIAL8,DC=local

Group:
	Security ID:		ESSENTIAL8\Corporate FileShare
	Group Name:		Corporate FileShare
	Group Domain:		ESSENTIAL8

Additional Information:
	Privileges:		-##########
09/10/2016 04:41:41 PM
LogName=Security
SourceName=Microsoft Windows security auditing.
EventCode=4735
EventType=0
Type=Information
ComputerName=dcsplunk.ESSENTIAL8.local
TaskCategory=Security Group Management
OpCode=Info
RecordNumber=20041
Keywords=Audit Success
Message=A security-enabled local group was changed.

Subject:
	Security ID:		ESSENTIAL8\Administrator
	Account Name:		Administrator
	Account Domain:		ESSENTIAL8
	Logon ID:		0x503D5

Group:
	Security ID:		ESSENTIAL8\Corporate FileShare
	Group Name:		Corporate FileShare
	Group Domain:		ESSENTIAL8

Changed Attributes:
	SAM Account Name:	-
	SID History:		-

Additional Information:
	Privileges:		-##########
09/10/2016 04:41:41 PM
LogName=Security
SourceName=Microsoft Windows security auditing.
EventCode=4732
EventType=0
Type=Information
ComputerName=dcsplunk.ESSENTIAL8.local
TaskCategory=Security Group Management
OpCode=Info
RecordNumber=20040
Keywords=Audit Success
Message=A member was added to a security-enabled local group.

Subject:
	Security ID:		ESSENTIAL8\Administrator
	Account Name:		Administrator
	Account Domain:		ESSENTIAL8
	Logon ID:		0x503D5

Member:
	Security ID:		ESSENTIAL8\EYoshiyahu
	Account Name:		CN=EYoshiyahu,OU=Users,OU=Accounts,OU=Environment,DC=ESSENTIAL8,DC=local

Group:
	Security ID:		ESSENTIAL8\Corporate FileShare
	Group Name:		Corporate FileShare
	Group Domain:		ESSENTIAL8

Additional Information:
	Privileges:		-##########
09/10/2016 04:41:41 PM
LogName=Security
SourceName=Microsoft Windows security auditing.
EventCode=4735
EventType=0
Type=Information
ComputerName=dcsplunk.ESSENTIAL8.local
TaskCategory=Security Group Management
OpCode=Info
RecordNumber=20039
Keywords=Audit Success
Message=A security-enabled local group was changed.

Subject:
	Security ID:		ESSENTIAL8\Administrator
	Account Name:		Administrator
	Account Domain:		ESSENTIAL8
	Logon ID:		0x503D5

Group:
	Security ID:		ESSENTIAL8\Corporate FileShare
	Group Name:		Corporate FileShare
	Group Domain:		ESSENTIAL8

Changed Attributes:
	SAM Account Name:	-
	SID History:		-

Additional Information:
	Privileges:		-##########
09/10/2016 04:41:41 PM
LogName=Security
SourceName=Microsoft Windows security auditing.
EventCode=4732
EventType=0
Type=Information
ComputerName=dcsplunk.ESSENTIAL8.local
TaskCategory=Security Group Management
OpCode=Info
RecordNumber=20038
Keywords=Audit Success
Message=A member was added to a security-enabled local group.

Subject:
	Security ID:		ESSENTIAL8\Administrator
	Account Name:		Administrator
	Account Domain:		ESSENTIAL8
	Logon ID:		0x503D5

Member:
	Security ID:		ESSENTIAL8\DRein
	Account Name:		CN=DRein,OU=Users,OU=Accounts,OU=Environment,DC=ESSENTIAL8,DC=local

Group:
	Security ID:		ESSENTIAL8\Corporate FileShare
	Group Name:		Corporate FileShare
	Group Domain:		ESSENTIAL8

Additional Information:
	Privileges:		-##########
09/10/2016 04:41:41 PM
LogName=Security
SourceName=Microsoft Windows security auditing.
EventCode=4735
EventType=0
Type=Information
ComputerName=dcsplunk.ESSENTIAL8.local
TaskCategory=Security Group Management
OpCode=Info
RecordNumber=20037
Keywords=Audit Success
Message=A security-enabled local group was changed.

Subject:
	Security ID:		ESSENTIAL8\Administrator
	Account Name:		Administrator
	Account Domain:		ESSENTIAL8
	Logon ID:		0x503D5

Group:
	Security ID:		ESSENTIAL8\Corporate FileShare
	Group Name:		Corporate FileShare
	Group Domain:		ESSENTIAL8

Changed Attributes:
	SAM Account Name:	-
	SID History:		-

Additional Information:
	Privileges:		-##########
09/10/2016 04:41:41 PM
LogName=Security
SourceName=Microsoft Windows security auditing.
EventCode=4732
EventType=0
Type=Information
ComputerName=dcsplunk.ESSENTIAL8.local
TaskCategory=Security Group Management
OpCode=Info
RecordNumber=20036
Keywords=Audit Success
Message=A member was added to a security-enabled local group.

Subject:
	Security ID:		ESSENTIAL8\Administrator
	Account Name:		Administrator
	Account Domain:		ESSENTIAL8
	Logon ID:		0x503D5

Member:
	Security ID:		ESSENTIAL8\DMichayla
	Account Name:		CN=DMichayla,OU=Users,OU=Accounts,OU=Environment,DC=ESSENTIAL8,DC=local

Group:
	Security ID:		ESSENTIAL8\Corporate FileShare
	Group Name:		Corporate FileShare
	Group Domain:		ESSENTIAL8

Additional Information:
	Privileges:		-##########
09/10/2016 04:41:41 PM
LogName=Security
SourceName=Microsoft Windows security auditing.
EventCode=4735
EventType=0
Type=Information
ComputerName=dcsplunk.ESSENTIAL8.local
TaskCategory=Security Group Management
OpCode=Info
RecordNumber=20035
Keywords=Audit Success
Message=A security-enabled local group was changed.

Subject:
	Security ID:		ESSENTIAL8\Administrator
	Account Name:		Administrator
	Account Domain:		ESSENTIAL8
	Logon ID:		0x503D5

Group:
	Security ID:		ESSENTIAL8\Corporate FileShare
	Group Name:		Corporate FileShare
	Group Domain:		ESSENTIAL8

Changed Attributes:
	SAM Account Name:	-
	SID History:		-

Additional Information:
	Privileges:		-##########
09/10/2016 04:41:41 PM
LogName=Security
SourceName=Microsoft Windows security auditing.
EventCode=4732
EventType=0
Type=Information
ComputerName=dcsplunk.ESSENTIAL8.local
TaskCategory=Security Group Management
OpCode=Info
RecordNumber=20034
Keywords=Audit Success
Message=A member was added to a security-enabled local group.

Subject:
	Security ID:		ESSENTIAL8\Administrator
	Account Name:		Administrator
	Account Domain:		ESSENTIAL8
	Logon ID:		0x503D5

Member:
	Security ID:		ESSENTIAL8\CLaurentine
	Account Name:		CN=CLaurentine,OU=Users,OU=Accounts,OU=Environment,DC=ESSENTIAL8,DC=local

Group:
	Security ID:		ESSENTIAL8\Corporate FileShare
	Group Name:		Corporate FileShare
	Group Domain:		ESSENTIAL8

Additional Information:
	Privileges:		-##########
09/10/2016 04:41:41 PM
LogName=Security
SourceName=Microsoft Windows security auditing.
EventCode=4735
EventType=0
Type=Information
ComputerName=dcsplunk.ESSENTIAL8.local
TaskCategory=Security Group Management
OpCode=Info
RecordNumber=20033
Keywords=Audit Success
Message=A security-enabled local group was changed.

Subject:
	Security ID:		ESSENTIAL8\Administrator
	Account Name:		Administrator
	Account Domain:		ESSENTIAL8
	Logon ID:		0x503D5

Group:
	Security ID:		ESSENTIAL8\Corporate FileShare
	Group Name:		Corporate FileShare
	Group Domain:		ESSENTIAL8

Changed Attributes:
	SAM Account Name:	-
	SID History:		-

Additional Information:
	Privileges:		-##########
09/10/2016 04:41:41 PM
LogName=Security
SourceName=Microsoft Windows security auditing.
EventCode=4732
EventType=0
Type=Information
ComputerName=dcsplunk.ESSENTIAL8.local
TaskCategory=Security Group Management
OpCode=Info
RecordNumber=20032
Keywords=Audit Success
Message=A member was added to a security-enabled local group.

Subject:
	Security ID:		ESSENTIAL8\Administrator
	Account Name:		Administrator
	Account Domain:		ESSENTIAL8
	Logon ID:		0x503D5

Member:
	Security ID:		ESSENTIAL8\CJephthah
	Account Name:		CN=CJephthah,OU=Users,OU=Accounts,OU=Environment,DC=ESSENTIAL8,DC=local

Group:
	Security ID:		ESSENTIAL8\Corporate FileShare
	Group Name:		Corporate FileShare
	Group Domain:		ESSENTIAL8

Additional Information:
	Privileges:		-##########
09/10/2016 04:41:41 PM
LogName=Security
SourceName=Microsoft Windows security auditing.
EventCode=4735
EventType=0
Type=Information
ComputerName=dcsplunk.ESSENTIAL8.local
TaskCategory=Security Group Management
OpCode=Info
RecordNumber=20031
Keywords=Audit Success
Message=A security-enabled local group was changed.

Subject:
	Security ID:		ESSENTIAL8\Administrator
	Account Name:		Administrator
	Account Domain:		ESSENTIAL8
	Logon ID:		0x503D5

Group:
	Security ID:		ESSENTIAL8\Corporate FileShare
	Group Name:		Corporate FileShare
	Group Domain:		ESSENTIAL8

Changed Attributes:
	SAM Account Name:	-
	SID History:		-

Additional Information:
	Privileges:		-##########
09/10/2016 04:41:41 PM
LogName=Security
SourceName=Microsoft Windows security auditing.
EventCode=4732
EventType=0
Type=Information
ComputerName=dcsplunk.ESSENTIAL8.local
TaskCategory=Security Group Management
OpCode=Info
RecordNumber=20030
Keywords=Audit Success
Message=A member was added to a security-enabled local group.

Subject:
	Security ID:		ESSENTIAL8\Administrator
	Account Name:		Administrator
	Account Domain:		ESSENTIAL8
	Logon ID:		0x503D5

Member:
	Security ID:		ESSENTIAL8\CGina
	Account Name:		CN=CGina,OU=Users,OU=Accounts,OU=Environment,DC=ESSENTIAL8,DC=local

Group:
	Security ID:		ESSENTIAL8\Corporate FileShare
	Group Name:		Corporate FileShare
	Group Domain:		ESSENTIAL8

Additional Information:
	Privileges:		-##########
09/10/2016 04:41:41 PM
LogName=Security
SourceName=Microsoft Windows security auditing.
EventCode=4735
EventType=0
Type=Information
ComputerName=dcsplunk.ESSENTIAL8.local
TaskCategory=Security Group Management
OpCode=Info
RecordNumber=20029
Keywords=Audit Success
Message=A security-enabled local group was changed.

Subject:
	Security ID:		ESSENTIAL8\Administrator
	Account Name:		Administrator
	Account Domain:		ESSENTIAL8
	Logon ID:		0x503D5

Group:
	Security ID:		ESSENTIAL8\Corporate FileShare
	Group Name:		Corporate FileShare
	Group Domain:		ESSENTIAL8

Changed Attributes:
	SAM Account Name:	-
	SID History:		-

Additional Information:
	Privileges:		-##########
09/10/2016 04:41:41 PM
LogName=Security
SourceName=Microsoft Windows security auditing.
EventCode=4732
EventType=0
Type=Information
ComputerName=dcsplunk.ESSENTIAL8.local
TaskCategory=Security Group Management
OpCode=Info
RecordNumber=20028
Keywords=Audit Success
Message=A member was added to a security-enabled local group.

Subject:
	Security ID:		ESSENTIAL8\Administrator
	Account Name:		Administrator
	Account Domain:		ESSENTIAL8
	Logon ID:		0x503D5

Member:
	Security ID:		ESSENTIAL8\BMyrddin
	Account Name:		CN=BMyrddin,OU=Users,OU=Accounts,OU=Environment,DC=ESSENTIAL8,DC=local

Group:
	Security ID:		ESSENTIAL8\Corporate FileShare
	Group Name:		Corporate FileShare
	Group Domain:		ESSENTIAL8

Additional Information:
	Privileges:		-##########
09/10/2016 04:41:41 PM
LogName=Security
SourceName=Microsoft Windows security auditing.
EventCode=4735
EventType=0
Type=Information
ComputerName=dcsplunk.ESSENTIAL8.local
TaskCategory=Security Group Management
OpCode=Info
RecordNumber=20027
Keywords=Audit Success
Message=A security-enabled local group was changed.

Subject:
	Security ID:		ESSENTIAL8\Administrator
	Account Name:		Administrator
	Account Domain:		ESSENTIAL8
	Logon ID:		0x503D5

Group:
	Security ID:		ESSENTIAL8\Corporate FileShare
	Group Name:		Corporate FileShare
	Group Domain:		ESSENTIAL8

Changed Attributes:
	SAM Account Name:	-
	SID History:		-

Additional Information:
	Privileges:		-##########
09/10/2016 04:41:41 PM
LogName=Security
SourceName=Microsoft Windows security auditing.
EventCode=4732
EventType=0
Type=Information
ComputerName=dcsplunk.ESSENTIAL8.local
TaskCategory=Security Group Management
OpCode=Info
RecordNumber=20026
Keywords=Audit Success
Message=A member was added to a security-enabled local group.

Subject:
	Security ID:		ESSENTIAL8\Administrator
	Account Name:		Administrator
	Account Domain:		ESSENTIAL8
	Logon ID:		0x503D5

Member:
	Security ID:		ESSENTIAL8\BArmen
	Account Name:		CN=BArmen,OU=Users,OU=Accounts,OU=Environment,DC=ESSENTIAL8,DC=local

Group:
	Security ID:		ESSENTIAL8\Corporate FileShare
	Group Name:		Corporate FileShare
	Group Domain:		ESSENTIAL8

Additional Information:
	Privileges:		-##########
09/10/2016 04:41:41 PM
LogName=Security
SourceName=Microsoft Windows security auditing.
EventCode=4735
EventType=0
Type=Information
ComputerName=dcsplunk.ESSENTIAL8.local
TaskCategory=Security Group Management
OpCode=Info
RecordNumber=20025
Keywords=Audit Success
Message=A security-enabled local group was changed.

Subject:
	Security ID:		ESSENTIAL8\Administrator
	Account Name:		Administrator
	Account Domain:		ESSENTIAL8
	Logon ID:		0x503D5

Group:
	Security ID:		ESSENTIAL8\Corporate FileShare
	Group Name:		Corporate FileShare
	Group Domain:		ESSENTIAL8

Changed Attributes:
	SAM Account Name:	-
	SID History:		-

Additional Information:
	Privileges:		-##########
09/10/2016 04:41:41 PM
LogName=Security
SourceName=Microsoft Windows security auditing.
EventCode=4732
EventType=0
Type=Information
ComputerName=dcsplunk.ESSENTIAL8.local
TaskCategory=Security Group Management
OpCode=Info
RecordNumber=20024
Keywords=Audit Success
Message=A member was added to a security-enabled local group.

Subject:
	Security ID:		ESSENTIAL8\Administrator
	Account Name:		Administrator
	Account Domain:		ESSENTIAL8
	Logon ID:		0x503D5

Member:
	Security ID:		ESSENTIAL8\AYong
	Account Name:		CN=AYong,OU=Users,OU=Accounts,OU=Environment,DC=ESSENTIAL8,DC=local

Group:
	Security ID:		ESSENTIAL8\Corporate FileShare
	Group Name:		Corporate FileShare
	Group Domain:		ESSENTIAL8

Additional Information:
	Privileges:		-##########
